0 info it worked if it ends with ok
1 verbose cli [ 'C:\\Program Files\\nodejs\\node.exe',
1 verbose cli   'C:\\Program Files\\nodejs\\node_modules\\npm\\bin\\npm-cli.js',
1 verbose cli   'run',
1 verbose cli   'setup' ]
2 info using npm@3.10.8
3 info using node@v6.9.1
4 verbose run-script [ 'presetup', 'setup', 'postsetup' ]
5 info lifecycle mm2@1.0.0~presetup: mm2@1.0.0
6 silly lifecycle mm2@1.0.0~presetup: no script for presetup, continuing
7 info lifecycle mm2@1.0.0~setup: mm2@1.0.0
8 verbose lifecycle mm2@1.0.0~setup: unsafe-perm in lifecycle true
9 verbose lifecycle mm2@1.0.0~setup: PATH: C:\Users\admin\AppData\Roaming\nvm\v6.9.1\node_modules\npm\bin\node-gyp-bin;D:\app7\node_modules\.bin;C:\Users\admin\bin;C:\Program Files (x86)\SmartGit\git\mingw32\bin;C:\Program Files (x86)\SmartGit\git\usr\local\bin;C:\Program Files (x86)\SmartGit\git\usr\bin;C:\Program Files (x86)\SmartGit\git\usr\bin;C:\Program Files (x86)\SmartGit\git\mingw32\bin;C:\Program Files (x86)\SmartGit\git\usr\bin;C:\Users\admin\bin;C:\ProgramData\Oracle\Java\javapath;C:\Program Files (x86)\Intel\iCLS Client;C:\Program Files\Intel\iCLS Client;C:\Windows\system32;C:\Windows;C:\Windows\System32\Wbem;C:\Windows\System32\WindowsPowerShell\v1.0;C:\Program Files (x86)\Intel\OpenCL SDK\3.0\bin\x86;C:\Program Files (x86)\Intel\OpenCL SDK\3.0\bin\x64;C:\Program Files\Intel\Intel(R) Management Engine Components\DAL;C:\Program Files\Intel\Intel(R) Management Engine Components\IPT;C:\Program Files (x86)\Intel\Intel(R) Management Engine Components\DAL;C:\Program Files (x86)\Intel\Intel(R) Management Engine Components\IPT;C:\Program Files\TortoiseSVN\bin;C:\Program Files (x86)\Java\jre1.8.0_25\bin;C:\Program Files\Java\jdk1.7.0_51\bin;C:\Users\admin\AppData\Roaming\nvm;C:\Program Files\nodejs;C:\Program Files (x86)\Nmap;C:\Users\admin\AppData\Roaming\npm;C:\Users\admin\AppData\Roaming\nvm;C:\Program Files\nodejs;C:\program files (x86)\smartgit\jre\bin;C:\Program Files (x86)\SmartGit\git\usr\bin\vendor_perl;C:\Program Files (x86)\SmartGit\git\usr\bin\core_perl
10 verbose lifecycle mm2@1.0.0~setup: CWD: D:\app7
11 silly lifecycle mm2@1.0.0~setup: Args: [ '/d /s /c',
11 silly lifecycle   'npm install && ionic state restore && bower install && gulp' ]
12 silly lifecycle mm2@1.0.0~setup: Returned: code: 1  signal: null
13 info lifecycle mm2@1.0.0~setup: Failed to exec setup script
14 verbose stack Error: mm2@1.0.0 setup: `npm install && ionic state restore && bower install && gulp`
14 verbose stack Exit status 1
14 verbose stack     at EventEmitter.<anonymous> (C:\Users\admin\AppData\Roaming\nvm\v6.9.1\node_modules\npm\lib\utils\lifecycle.js:255:16)
14 verbose stack     at emitTwo (events.js:106:13)
14 verbose stack     at EventEmitter.emit (events.js:191:7)
14 verbose stack     at ChildProcess.<anonymous> (C:\Users\admin\AppData\Roaming\nvm\v6.9.1\node_modules\npm\lib\utils\spawn.js:40:14)
14 verbose stack     at emitTwo (events.js:106:13)
14 verbose stack     at ChildProcess.emit (events.js:191:7)
14 verbose stack     at maybeClose (internal/child_process.js:877:16)
14 verbose stack     at Process.ChildProcess._handle.onexit (internal/child_process.js:226:5)
15 verbose pkgid mm2@1.0.0
16 verbose cwd D:\app7
17 error Windows_NT 6.1.7601
18 error argv "C:\\Program Files\\nodejs\\node.exe" "C:\\Program Files\\nodejs\\node_modules\\npm\\bin\\npm-cli.js" "run" "setup"
19 error node v6.9.1
20 error npm  v3.10.8
21 error code ELIFECYCLE
22 error mm2@1.0.0 setup: `npm install && ionic state restore && bower install && gulp`
22 error Exit status 1
23 error Failed at the mm2@1.0.0 setup script 'npm install && ionic state restore && bower install && gulp'.
23 error Make sure you have the latest version of node.js and npm installed.
23 error If you do, this is most likely a problem with the mm2 package,
23 error not with npm itself.
23 error Tell the author that this fails on your system:
23 error     npm install && ionic state restore && bower install && gulp
23 error You can get information on how to open an issue for this project with:
23 error     npm bugs mm2
23 error Or if that isn't available, you can get their info via:
23 error     npm owner ls mm2
23 error There is likely additional logging output above.
24 verbose exit [ 1, true ]
